#
# There is insufficient memory for the Java Runtime Environment to continue.
# Native memory allocation (mmap) failed to map 117440512 bytes for Failed to commit area from 0x0000000091600000 to 0x0000000098600000 of length 117440512.
# Possible reasons:
#   The system is out of physical RAM or swap space
#   The process is running with CompressedOops enabled, and the Java Heap may be blocking the growth of the native heap
# Possible solutions:
#   Reduce memory load on the system
#   Increase physical memory or swap space
#   Check if swap backing store is full
#   Decrease Java heap size (-Xmx/-Xms)
#   Decrease number of Java threads
#   Decrease Java thread stack sizes (-Xss)
#   Set larger code cache with -XX:ReservedCodeCacheSize=
#   JVM is running with Unscaled Compressed Oops mode in which the Java heap is
#     placed in the first 4GB address space. The Java Heap base address is the
#     maximum limit for the native heap growth. Please use -XX:HeapBaseMinAddress
#     to set the Java Heap base and to place the Java Heap above 4GB virtual address.
# This output file may be truncated or incomplete.
#
#  Out of Memory Error (./open/src/hotspot/os/windows/os_windows.cpp:3315), pid=12592, tid=11632
#
# JRE version:  (14.0.1+7) (build )
# Java VM: Java HotSpot(TM) 64-Bit Server VM (14.0.1+7, mixed mode, sharing, tiered, compressed oops, g1 gc, windows-amd64)
# No core dump will be written. Minidumps are not enabled by default on client versions of Windows
#

---------------  S U M M A R Y ------------

Command Line: -Dfile.encoding=UTF-8 -XX:+ShowCodeDetailsInExceptionMessages matwx.dumpster.fire.Dumpster.FizzBuzz

Host: AMD A8-7410 APU with AMD Radeon R5 Graphics    , 4 cores, 6G,  Windows 10 , 64 bit Build 18362 (10.0.18362.1110)
Time: Sun Oct  4 11:33:07 2020 Malay Peninsula Standard Time elapsed time: 0 seconds (0d 0h 0m 0s)

---------------  T H R E A D  ---------------

Current thread (0x000001ec9768d000):  JavaThread "Unknown thread" [_thread_in_vm, id=11632, stack(0x000000b65b400000,0x000000b65b500000)]

Stack: [0x000000b65b400000,0x000000b65b500000]
Native frames: (J=compiled Java code, j=interpreted, Vv=VM code, C=native code)
V  [jvm.dll+0x5f840a]
V  [jvm.dll+0x741e4a]
V  [jvm.dll+0x7435ff]
V  [jvm.dll+0x743c43]
V  [jvm.dll+0x20d288]
V  [jvm.dll+0x5f57ba]
V  [jvm.dll+0x5ea615]
V  [jvm.dll+0x2c7e9c]
V  [jvm.dll+0x2c7cd2]
V  [jvm.dll+0x2cdbbc]
V  [jvm.dll+0x313ff8]
V  [jvm.dll+0x313720]
V  [jvm.dll+0x2a092a]
V  [jvm.dll+0x2a1a79]
V  [jvm.dll+0x71f718]
V  [jvm.dll+0x321c44]
V  [jvm.dll+0x700b0c]
V  [jvm.dll+0x392dff]
V  [jvm.dll+0x394e71]
C  [jli.dll+0x523b]
C  [ucrtbase.dll+0x210b2]
C  [KERNEL32.DLL+0x17c24]
C  [ntdll.dll+0x6ce51]


---------------  P R O C E S S  ---------------

Threads class SMR info:
_java_thread_list=0x00007ffe26ab3078, length=0, elements={
}

Java Threads: ( => current thread )

Other Threads:
  0x000001ec976ca000 GCTaskThread "GC Thread#0" [stack: 0x000000b65b500000,0x000000b65b600000] [id=10548]
  0x000001ec976d9800 ConcurrentGCThread "G1 Main Marker" [stack: 0x000000b65b600000,0x000000b65b700000] [id=9720]
  0x000001ec976de800 ConcurrentGCThread "G1 Conc#0" [stack: 0x000000b65b700000,0x000000b65b800000] [id=10728]

[error occurred during error reporting (printing all threads), id 0xc0000005, EXCEPTION_ACCESS_VIOLATION (0xc0000005) at pc=0x00007ffe262e1257]

VM state:not at safepoint (not fully initialized)

VM Mutex/Monitor currently owned by a thread:  ([mutex/lock_event])
[0x000001ec97688860] Heap_lock - owner thread: 0x000001ec9768d000

Heap address: 0x0000000091600000, size: 1770 MB, Compressed Oops mode: 32-bit
Narrow klass base: 0x0000000000000000, Narrow klass shift: 0

GC Heap History (0 events):
No events

Deoptimization events (0 events):
No events

Classes unloaded (0 events):
No events

Classes redefined (0 events):
No events

Internal exceptions (0 events):
No events

Events (2 events):
Event: 0.032 Loaded shared library C:\Program Files\Java\jdk-14.0.1\bin\java.dll
Event: 0.035 Loaded shared library C:\Program Files\Java\jdk-14.0.1\bin\zip.dll


Dynamic libraries:
0x00007ff695060000 - 0x00007ff69506f000 	C:\Program Files\Java\jdk-14.0.1\bin\javaw.exe
0x00007ffe744c0000 - 0x00007ffe746b0000 	C:\Windows\SYSTEM32\ntdll.dll
0x00007ffe732d0000 - 0x00007ffe73382000 	C:\Windows\System32\KERNEL32.DLL
0x00007ffe71620000 - 0x00007ffe718c5000 	C:\Windows\System32\KERNELBASE.dll
0x00007ffe71cc0000 - 0x00007ffe71dba000 	C:\Windows\System32\ucrtbase.dll
0x00007ffe669b0000 - 0x00007ffe669c5000 	C:\Program Files\Java\jdk-14.0.1\bin\VCRUNTIME140.dll
0x00007ffe66a60000 - 0x00007ffe66a78000 	C:\Program Files\Java\jdk-14.0.1\bin\jli.dll
0x00007ffe73220000 - 0x00007ffe732c3000 	C:\Windows\System32\ADVAPI32.dll
0x00007ffe72720000 - 0x00007ffe727be000 	C:\Windows\System32\msvcrt.dll
0x00007ffe743b0000 - 0x00007ffe74447000 	C:\Windows\System32\sechost.dll
0x00007ffe72d40000 - 0x00007ffe72e60000 	C:\Windows\System32\RPCRT4.dll
0x00007ffe740a0000 - 0x00007ffe74234000 	C:\Windows\System32\USER32.dll
0x00007ffe72540000 - 0x00007ffe72561000 	C:\Windows\System32\win32u.dll
0x00007ffe74450000 - 0x00007ffe74476000 	C:\Windows\System32\GDI32.dll
0x00007ffe719c0000 - 0x00007ffe71b56000 	C:\Windows\System32\gdi32full.dll
0x00007ffe71920000 - 0x00007ffe719be000 	C:\Windows\System32\msvcp_win.dll
0x00007ffe62330000 - 0x00007ffe625b4000 	C:\Windows\WinSxS\amd64_microsoft.windows.common-controls_6595b64144ccf1df_6.0.18362.1110_none_9e7abf47e461416f\COMCTL32.dll
0x00007ffe73d60000 - 0x00007ffe74095000 	C:\Windows\System32\combase.dll
0x00007ffe71c40000 - 0x00007ffe71cc0000 	C:\Windows\System32\bcryptPrimitives.dll
0x00007ffe6c0d0000 - 0x00007ffe6c0da000 	C:\Windows\SYSTEM32\VERSION.dll
0x00007ffe72590000 - 0x00007ffe725be000 	C:\Windows\System32\IMM32.DLL
0x00007ffe66910000 - 0x00007ffe669ab000 	C:\Program Files\Java\jdk-14.0.1\bin\msvcp140.dll
0x00007ffe26030000 - 0x00007ffe26b4e000 	C:\Program Files\Java\jdk-14.0.1\bin\server\jvm.dll
0x00007ffe72580000 - 0x00007ffe72588000 	C:\Windows\System32\PSAPI.DLL
0x00007ffe5f4c0000 - 0x00007ffe5f4c9000 	C:\Windows\SYSTEM32\WSOCK32.dll
0x00007ffe731b0000 - 0x00007ffe7321f000 	C:\Windows\System32\WS2_32.dll
0x00007ffe6f490000 - 0x00007ffe6f4b4000 	C:\Windows\SYSTEM32\WINMM.dll
0x00007ffe6f330000 - 0x00007ffe6f35d000 	C:\Windows\SYSTEM32\WINMMBASE.dll
0x00007ffe718d0000 - 0x00007ffe7191a000 	C:\Windows\System32\cfgmgr32.dll
0x00007ffe71400000 - 0x00007ffe71411000 	C:\Windows\System32\kernel.appcore.dll
0x00007ffe68040000 - 0x00007ffe6804a000 	C:\Program Files\Java\jdk-14.0.1\bin\jimage.dll
0x00007ffe5cfb0000 - 0x00007ffe5d1a4000 	C:\Windows\SYSTEM32\DBGHELP.DLL
0x00007ffe5bb30000 - 0x00007ffe5bb5a000 	C:\Windows\SYSTEM32\dbgcore.DLL
0x00007ffe669f0000 - 0x00007ffe66a15000 	C:\Program Files\Java\jdk-14.0.1\bin\java.dll
0x00007ffe669d0000 - 0x00007ffe669e6000 	C:\Program Files\Java\jdk-14.0.1\bin\zip.dll

dbghelp: loaded successfully - version: 4.0.5 - missing functions: none
symbol engine: initialized successfully - sym options: 0x614 - pdb path: .;C:\Program Files\Java\jdk-14.0.1\bin;C:\Windows\SYSTEM32;C:\Windows\WinSxS\amd64_microsoft.windows.common-controls_6595b64144ccf1df_6.0.18362.1110_none_9e7abf47e461416f;C:\Program Files\Java\jdk-14.0.1\bin\server

VM Arguments:
jvm_args: -Dfile.encoding=UTF-8 -XX:+ShowCodeDetailsInExceptionMessages 
java_command: matwx.dumpster.fire.Dumpster.FizzBuzz
java_class_path (initial): C:\Users\wei_xun_tang\Documents\workspace\github\matthews_dumpster_fire\Java\Dumpster\target\classes
Launcher Type: SUN_STANDARD

[Global flags]
     intx CICompilerCount                          = 3                                         {product} {ergonomic}
     uint ConcGCThreads                            = 1                                         {product} {ergonomic}
     uint G1ConcRefinementThreads                  = 4                                         {product} {ergonomic}
   size_t G1HeapRegionSize                         = 1048576                                   {product} {ergonomic}
    uintx GCDrainStackTargetSize                   = 64                                        {product} {ergonomic}
   size_t InitialHeapSize                          = 117440512                                 {product} {ergonomic}
   size_t MarkStackSize                            = 4194304                                   {product} {ergonomic}
   size_t MaxHeapSize                              = 1855979520                                {product} {ergonomic}
   size_t MinHeapDeltaBytes                        = 1048576                                   {product} {ergonomic}
   size_t MinHeapSize                              = 8388608                                   {product} {ergonomic}
    uintx NonNMethodCodeHeapSize                   = 5832780                                {pd product} {ergonomic}
    uintx NonProfiledCodeHeapSize                  = 122912730                              {pd product} {ergonomic}
    uintx ProfiledCodeHeapSize                     = 122912730                              {pd product} {ergonomic}
    uintx ReservedCodeCacheSize                    = 251658240                              {pd product} {ergonomic}
     bool SegmentedCodeCache                       = true                                      {product} {ergonomic}
     bool ShowCodeDetailsInExceptionMessages       = true                                   {manageable} {command line}
   size_t SoftMaxHeapSize                          = 1855979520                             {manageable} {ergonomic}
     bool UseCompressedClassPointers               = true                                 {lp64_product} {ergonomic}
     bool UseCompressedOops                        = true                                 {lp64_product} {ergonomic}
     bool UseG1GC                                  = true                                      {product} {ergonomic}
     bool UseLargePagesIndividualAllocation        = false                                  {pd product} {ergonomic}

Logging:
Log output configuration:
 #0: stdout all=warning uptime,level,tags
 #1: stderr all=off uptime,level,tags

Environment Variables:
JAVA_HOME=C:\Program Files\Java\jdk-14.0.1
PATH=C:/Program Files/Java/jdk-14.0.1/bin/server;C:/Program Files/Java/jdk-14.0.1/bin;C:\Windows\system32;C:\Windows;C:\Windows\System32\Wbem;C:\Windows\System32\WindowsPowerShell\v1.0\;C:\Windows\System32\OpenSSH\;C:\Program Files\Java\jdk-14.0.1\bin;C:\Program Files\apache-maven-3.6.3\bin;;C:\Program Files\Crucial\Crucial Storage Executive;C:\Users\wei_xun_tang\AppData\Local\Microsoft\WindowsApps;C:\Users\wei_xun_tang\AppData\Local\Programs\Git\cmd;C:\Users\wei_xun_tang\AppData\Local\Programs\Microsoft VS Code\bin;C:\Users\wei_xun_tang\eclipse\jee-2020-09\eclipse;
USERNAME=wei_xun_tang
OS=Windows_NT
PROCESSOR_IDENTIFIER=AMD64 Family 22 Model 48 Stepping 1, AuthenticAMD



---------------  S Y S T E M  ---------------

OS: Windows 10 , 64 bit Build 18362 (10.0.18362.1110)
OS uptime: 0 days 0:24 hours
HyperV virtualization detected

CPU:total 4 (initial active 4) (4 cores per cpu, 1 threads per core) family 22 model 48 stepping 1, cmov, cx8, fxsr, mmx, sse, sse2, sse3, ssse3, sse4.1, sse4.2, popcnt, avx, aes, clmul, mmxext, 3dnowpref, lzcnt, sse4a, tsc, tscinvbit, tscinv, bmi1

Memory: 4k page, system-wide physical 7074M (628M free)
TotalPageFile size 7074M (AvailPageFile size 100M)
current process WorkingSet (physical memory assigned to process): 10M, peak: 10M
current process commit charge ("private bytes"): 51M, peak: 163M

vm_info: Java HotSpot(TM) 64-Bit Server VM (14.0.1+7) for windows-amd64 JRE (14.0.1+7), built on Mar  5 2020 10:30:14 by "mach5one" with MS VC++ 15.9 (VS2017)

END.
